#
# There is insufficient memory for the Java Runtime Environment to continue.
# Native memory allocation (mmap) failed to map 268435456 bytes. Error detail: G1 virtual space
# Possible reasons:
#   The system is out of physical RAM or swap space
#   This process is running with CompressedOops enabled, and the Java Heap may be blocking the growth of the native heap
# Possible solutions:
#   Reduce memory load on the system
#   Increase physical memory or swap space
#   Check if swap backing store is full
#   Decrease Java heap size (-Xmx/-Xms)
#   Decrease number of Java threads
#   Decrease Java thread stack sizes (-Xss)
#   Set larger code cache with -XX:ReservedCodeCacheSize=
#   JVM is running with Zero Based Compressed Oops mode in which the Java heap is
#     placed in the first 32GB address space. The Java Heap base address is the
#     maximum limit for the native heap growth. Please use -XX:HeapBaseMinAddress
#     to set the Java Heap base and to place the Java Heap above 32GB virtual address.
# This output file may be truncated or incomplete.
#
#  Out of Memory Error (os_windows.cpp:3925), pid=18768, tid=21980
#
# JRE version:  (21.0.8) (build )
# Java VM: OpenJDK 64-Bit Server VM (21.0.8+-14196175-b1038.72, mixed mode, sharing, tiered, compressed oops, compressed class ptrs, g1 gc, windows-amd64)
# No core dump will be written. Minidumps are not enabled by default on client versions of Windows
#

---------------  S U M M A R Y ------------

Command Line: git4idea.http.GitAskPassApp Username for 'https://github.com': 

Host: Intel(R) Core(TM) i7-6700 CPU @ 3.40GHz, 8 cores, 15G,  Windows 10 , 64 bit Build 19041 (10.0.19041.5915)
Time: Mon Apr 20 13:14:02 2026 Hora de verano GMT elapsed time: 0.035907 seconds (0d 0h 0m 0s)

---------------  T H R E A D  ---------------

Current thread (0x000001bcaa883580):  JavaThread "Unknown thread" [_thread_in_vm, id=21980, stack(0x00000061efe00000,0x00000061eff00000) (1024K)]

Stack: [0x00000061efe00000,0x00000061eff00000]
Native frames: (J=compiled Java code, j=interpreted, Vv=VM code, C=native code)
V  [jvm.dll+0x6d68d9]
V  [jvm.dll+0x866693]
V  [jvm.dll+0x868c4e]
V  [jvm.dll+0x869333]
V  [jvm.dll+0x280566]
V  [jvm.dll+0x6d3195]
V  [jvm.dll+0x6c69ea]
V  [jvm.dll+0x3586db]
V  [jvm.dll+0x360336]
V  [jvm.dll+0x3b23f6]
V  [jvm.dll+0x3b26c8]
V  [jvm.dll+0x32ae6c]
V  [jvm.dll+0x32bb5b]
V  [jvm.dll+0x82e109]
V  [jvm.dll+0x3bf5c8]
V  [jvm.dll+0x817388]
V  [jvm.dll+0x453b6e]
V  [jvm.dll+0x4552d1]
C  [jli.dll+0x52ab]
C  [ucrtbase.dll+0x21bb2]
C  [KERNEL32.DLL+0x17374]
C  [ntdll.dll+0x4cc91]


---------------  P R O C E S S  ---------------

Threads class SMR info:
_java_thread_list=0x00007ffad9c0b988, length=0, elements={
}

Java Threads: ( => current thread )
Total: 0

Other Threads:
  0x000001bcaa8e3330 WorkerThread "GC Thread#0"                     [id=9852, stack(0x00000061eff00000,0x00000061f0000000) (1024K)]
  0x000001bcaa8f6b10 ConcurrentGCThread "G1 Main Marker"            [id=3916, stack(0x00000061f0000000,0x00000061f0100000) (1024K)]
  0x000001bcaa8f7520 WorkerThread "G1 Conc#0"                       [id=18228, stack(0x00000061f0100000,0x00000061f0200000) (1024K)]

[error occurred during error reporting (printing all threads), id 0xc0000005, EXCEPTION_ACCESS_VIOLATION (0xc0000005) at pc=0x00007ffad93fddd7]
VM state: not at safepoint (not fully initialized)

VM Mutex/Monitor currently owned by a thread:  ([mutex/lock_event])
[0x00007ffad9c786b8] Heap_lock - owner thread: 0x000001bcaa883580

Heap address: 0x0000000700a00000, size: 4086 MB, Compressed Oops mode: Zero based, Oop shift amount: 3

CDS archive(s) mapped at: [0x0000000000000000-0x0000000000000000-0x0000000000000000), size 0, SharedBaseAddress: 0x0000000800000000, ArchiveRelocationMode: 1.
Narrow klass base: 0x0000000000000000, Narrow klass shift: 0, Narrow klass range: 0x0

GC Precious Log:
 CardTable entry size: 512
 Card Set container configuration: InlinePtr #cards 4 size 8 Array Of Cards #cards 16 size 48 Howl #buckets 8 coarsen threshold 3686 Howl Bitmap #cards 512 size 80 coarsen threshold 460 Card regions per heap region 1 cards per card region 4096

Heap:
 garbage-first heap   total 0K, used 0K [0x0000000700a00000, 0x0000000800000000)
  region size 2048K, 0 young (0K), 0 survivors (0K)
 Metaspace       used 0K, committed 0K, reserved 0K
  class space    used 0K, committed 0K, reserved 0K

Heap Regions: E=young(eden), S=young(survivor), O=old, HS=humongous(starts), HC=humongous(continues), CS=collection set, F=free, TAMS=top-at-mark-start, PB=parsable bottom

Card table byte_map: [0x000001bcbd520000,0x000001bcbdd20000] _byte_map_base: 0x000001bcb9d1b000

Marking Bits: (CMBitMap*) 0x000001bcaa8e4950
 Bits: [0x000001bcbdd20000, 0x000001bcc1cf8000)

GC Heap History (0 events):
No events

Dll operation events (1 events):
Event: 0.006 Loaded shared library C:\Program Files\Android\Android Studio\jbr\bin\java.dll

Deoptimization events (0 events):
No events

Classes loaded (0 events):
No events

Classes unloaded (0 events):
No events

Classes redefined (0 events):
No events

Internal exceptions (0 events):
No events

ZGC Phase Switch (0 events):
No events

VM Operations (0 events):
No events

Memory protections (0 events):
No events

Nmethod flushes (0 events):
No events

Events (0 events):
No events


Dynamic libraries:
0x00007ff788f30000 - 0x00007ff788f3a000 	C:\Program Files\Android\Android Studio\jbr\bin\java.exe
0x00007ffb77cd0000 - 0x00007ffb77ec8000 	C:\WINDOWS\SYSTEM32\ntdll.dll
0x00007ffb76eb0000 - 0x00007ffb76f72000 	C:\WINDOWS\System32\KERNEL32.DLL
0x00007ffb757d0000 - 0x00007ffb75ac6000 	C:\WINDOWS\System32\KERNELBASE.dll
0x00007ffb756d0000 - 0x00007ffb757d0000 	C:\WINDOWS\System32\ucrtbase.dll
0x00007ffb4fd00000 - 0x00007ffb4fd1b000 	C:\Program Files\Android\Android Studio\jbr\bin\VCRUNTIME140.dll
0x00007ffb56bd0000 - 0x00007ffb56be8000 	C:\Program Files\Android\Android Studio\jbr\bin\jli.dll
0x00007ffb76a00000 - 0x00007ffb76ba1000 	C:\WINDOWS\System32\USER32.dll
0x00007ffb753e0000 - 0x00007ffb75402000 	C:\WINDOWS\System32\win32u.dll
0x00007ffb5b400000 - 0x00007ffb5b69b000 	C:\WINDOWS\WinSxS\amd64_microsoft.windows.common-controls_6595b64144ccf1df_6.0.19041.6456_none_60b8a6cb71f64256\COMCTL32.dll
0x00007ffb77520000 - 0x00007ffb7754b000 	C:\WINDOWS\System32\GDI32.dll
0x00007ffb77480000 - 0x00007ffb7751e000 	C:\WINDOWS\System32\msvcrt.dll
0x00007ffb75410000 - 0x00007ffb75529000 	C:\WINDOWS\System32\gdi32full.dll
0x00007ffb75630000 - 0x00007ffb756cd000 	C:\WINDOWS\System32\msvcp_win.dll
0x00007ffb75cc0000 - 0x00007ffb75cef000 	C:\WINDOWS\System32\IMM32.DLL
0x00007ffb54ab0000 - 0x00007ffb54abc000 	C:\Program Files\Android\Android Studio\jbr\bin\vcruntime140_1.dll
0x00007ffb46d20000 - 0x00007ffb46dad000 	C:\Program Files\Android\Android Studio\jbr\bin\msvcp140.dll
0x00007ffad90c0000 - 0x00007ffad9d56000 	C:\Program Files\Android\Android Studio\jbr\bin\server\jvm.dll
0x00007ffb77630000 - 0x00007ffb776e1000 	C:\WINDOWS\System32\ADVAPI32.dll
0x00007ffb776f0000 - 0x00007ffb7778f000 	C:\WINDOWS\System32\sechost.dll
0x00007ffb75cf0000 - 0x00007ffb75e10000 	C:\WINDOWS\System32\RPCRT4.dll
0x00007ffb75600000 - 0x00007ffb75627000 	C:\WINDOWS\System32\bcrypt.dll
0x00007ffb76c80000 - 0x00007ffb76ceb000 	C:\WINDOWS\System32\WS2_32.dll
0x00007ffb74d10000 - 0x00007ffb74d5b000 	C:\WINDOWS\SYSTEM32\POWRPROF.dll
0x00007ffb6ed60000 - 0x00007ffb6ed6a000 	C:\WINDOWS\SYSTEM32\VERSION.dll
0x00007ffb65fb0000 - 0x00007ffb65fd7000 	C:\WINDOWS\SYSTEM32\WINMM.dll
0x00007ffb74cf0000 - 0x00007ffb74d02000 	C:\WINDOWS\SYSTEM32\UMPDC.dll
0x00007ffb73b60000 - 0x00007ffb73b72000 	C:\WINDOWS\SYSTEM32\kernel.appcore.dll
0x00007ffb520b0000 - 0x00007ffb520ba000 	C:\Program Files\Android\Android Studio\jbr\bin\jimage.dll
0x00007ffb73170000 - 0x00007ffb73371000 	C:\WINDOWS\SYSTEM32\DBGHELP.DLL
0x00007ffb5a7f0000 - 0x00007ffb5a824000 	C:\WINDOWS\SYSTEM32\dbgcore.DLL
0x00007ffb75c30000 - 0x00007ffb75cb2000 	C:\WINDOWS\System32\bcryptPrimitives.dll
0x00007ffb49ec0000 - 0x00007ffb49ee0000 	C:\Program Files\Android\Android Studio\jbr\bin\java.dll

JVMTI agents: none

dbghelp: loaded successfully - version: 4.0.5 - missing functions: none
symbol engine: initialized successfully - sym options: 0x614 - pdb path: .;C:\Program Files\Android\Android Studio\jbr\bin;C:\WINDOWS\SYSTEM32;C:\WINDOWS\WinSxS\amd64_microsoft.windows.common-controls_6595b64144ccf1df_6.0.19041.6456_none_60b8a6cb71f64256;C:\Program Files\Android\Android Studio\jbr\bin\server

VM Arguments:
java_command: git4idea.http.GitAskPassApp Username for 'https://github.com': 
java_class_path (initial): C:/Program Files/Android/Android Studio/plugins/vcs-git/lib/git4idea-rt.jar;C:/Program Files/Android/Android Studio/lib/externalProcess-rt.jar
Launcher Type: SUN_STANDARD

[Global flags]
     intx CICompilerCount                          = 4                                         {product} {ergonomic}
     uint ConcGCThreads                            = 2                                         {product} {ergonomic}
     uint G1ConcRefinementThreads                  = 8                                         {product} {ergonomic}
   size_t G1HeapRegionSize                         = 2097152                                   {product} {ergonomic}
    uintx GCDrainStackTargetSize                   = 64                                        {product} {ergonomic}
   size_t InitialHeapSize                          = 268435456                                 {product} {ergonomic}
   size_t MarkStackSize                            = 4194304                                   {product} {ergonomic}
   size_t MaxHeapSize                              = 4284481536                                {product} {ergonomic}
   size_t MinHeapDeltaBytes                        = 2097152                                   {product} {ergonomic}
   size_t MinHeapSize                              = 8388608                                   {product} {ergonomic}
    uintx NonNMethodCodeHeapSize                   = 5839372                                {pd product} {ergonomic}
    uintx NonProfiledCodeHeapSize                  = 122909434                              {pd product} {ergonomic}
    uintx ProfiledCodeHeapSize                     = 122909434                              {pd product} {ergonomic}
    uintx ReservedCodeCacheSize                    = 251658240                              {pd product} {ergonomic}
     bool SegmentedCodeCache                       = true                                      {product} {ergonomic}
   size_t SoftMaxHeapSize                          = 4284481536                             {manageable} {ergonomic}
     bool UseCompressedOops                        = true                           {product lp64_product} {ergonomic}
     bool UseG1GC                                  = true                                      {product} {ergonomic}
     bool UseLargePagesIndividualAllocation        = false                                  {pd product} {ergonomic}

Logging:
Log output configuration:
 #0: stdout all=warning uptime,level,tags foldmultilines=false
 #1: stderr all=off uptime,level,tags foldmultilines=false

Environment Variables:
PATH=C:/Program Files/Git/mingw64/libexec/git-core;C:/Program Files/Git/mingw64/libexec/git-core;C:\Program Files\Git\mingw64\bin;C:\Program Files\Git\usr\bin;C:\Users\elena\bin;C:\Program Files (x86)\Common Files\Oracle\Java\java8path;C:\Program Files (x86)\Common Files\Oracle\Java\javapath;C:\Program Files (x86)\Intel\Intel(R) Management Engine Components\iCLS\;C:\Program Files\Intel\Intel(R) Management Engine Components\iCLS\;C:\Windows\system32;C:\Windows;C:\Windows\System32\Wbem;C:\Windows\System32\WindowsPowerShell\v1.0\;C:\WINDOWS\system32;C:\WINDOWS;C:\WINDOWS\System32\Wbem;C:\WINDOWS\System32\WindowsPowerShell\v1.0\;C:\WINDOWS\System32\OpenSSH\;C:\Program Files\NVIDIA Corporation\NVIDIA NvDLISR;C:\Program Files (x86)\Intel\Intel(R) Management Engine Components\DAL;C:\Program Files\Intel\Intel(R) Management Engine Components\DAL;C:\Program Files (x86)\NVIDIA Corporation\PhysX\Common;C:\WINDOWS\system32;C:\WINDOWS;C:\WINDOWS\System32\Wbem;C:\WINDOWS\System32\WindowsPowerShell\v1.0\;C:\WINDOWS\System32\OpenSSH\;C:\Program Files (x86)\dotnet\;C:\Program Files\dotnet\;C:\Users\elena\Desktop\AutoFirma\AutoFirma;C:\Users\elena\.jdks\openjdk-21\bin;C:\Program Files\nodejs\;C:\Program Files\Git\cmd;C:\Users\elena\AppData\Local\Programs\Python\Python310\Scripts\;C:\Users\elena\AppData\Local\Programs\Python\Python310\;C:\Users\elena\AppData\Local\Microsoft\WindowsApps;C:\Users\elena\AppData\Local\Programs\Microsoft VS Code\bin;C:\Users\elena\AppData\Roaming\npm
USERNAME=elena
DISPLAY=:0.0
LC_ALL=en_US.UTF-8
TERM=xterm-256color
TMPDIR=C:\Users\elena\AppData\Local\Temp
OS=Windows_NT
PROCESSOR_IDENTIFIER=Intel64 Family 6 Model 94 Stepping 3, GenuineIntel
TMP=C:\Users\elena\AppData\Local\Temp
TEMP=C:\Users\elena\AppData\Local\Temp




Periodic native trim disabled

JNI global refs:
JNI global refs: 0, weak refs: 0

JNI global refs memory usage: 0, weak refs: 0

Process memory usage:
Resident Set Size: 10856K (0% of 16729696K total physical memory with 1061236K free physical memory)

OOME stack traces (most recent first):
Classloader memory used:

---------------  S Y S T E M  ---------------

OS:
 Windows 10 , 64 bit Build 19041 (10.0.19041.5915)
OS uptime: 3 days 23:33 hours

CPU: total 8 (initial active 8) (4 cores per cpu, 2 threads per core) family 6 model 94 stepping 3 microcode 0xcc, cx8, cmov, fxsr, ht, mmx, 3dnowpref, sse, sse2, sse3, ssse3, sse4.1, sse4.2, popcnt, lzcnt, tsc, tscinvbit, avx, avx2, aes, erms, clmul, bmi1, bmi2, rtm, adx, fma, vzeroupper, clflush, clflushopt, rdtscp, f16c
Processor Information for the first 8 processors :
  Max Mhz: 3408, Current Mhz: 3408, Mhz Limit: 3408

Memory: 4k page, system-wide physical 16337M (1036M free)
TotalPageFile size 22358M (AvailPageFile size 190M)
current process WorkingSet (physical memory assigned to process): 10M, peak: 10M
current process commit charge ("private bytes"): 60M, peak: 316M

vm_info: OpenJDK 64-Bit Server VM (21.0.8+-14196175-b1038.72) for windows-amd64 JRE (21.0.8+-14196175-b1038.72), built on 2025-10-01T10:24:33Z by "builder" with MS VC++ 16.10 / 16.11 (VS2019)

END.
